2024-01-13 17:07:13.540 [info] Added views:workbench.panel.markers.view in workbench.panel.markers
2024-01-13 17:07:13.540 [info] Added views:workbench.panel.output in workbench.panel.output
2024-01-13 17:07:13.540 [info] Added views:terminal in terminal
2024-01-13 17:07:13.542 [info] Added views:outline in workbench.view.explorer
2024-01-13 17:07:13.542 [info] Added views:workbench.scm in workbench.view.scm
2024-01-13 17:07:13.542 [info] Added views:workbench.view.search in workbench.view.search
2024-01-13 17:07:13.542 [info] Added views:timeline in workbench.view.explorer
2024-01-13 17:07:13.542 [info] Added views:workbench.explorer.emptyView in workbench.view.explorer
2024-01-13 17:07:13.881 [info] Added views:workbench.debug.variablesView,workbench.debug.watchExpressionsView,workbench.debug.callStackView,workbench.debug.breakPointsView in workbench.view.debug
2024-01-13 17:07:14.709 [info] Added views:~remote.forwardedPorts in ~remote.forwardedPortsContainer
2024-01-13 17:07:14.811 [info] Added views:workbench.panel.repl.view in workbench.panel.repl
2024-01-13 17:07:14.813 [info] Removed views:workbench.debug.breakPointsView,workbench.debug.callStackView,workbench.debug.watchExpressionsView,workbench.debug.variablesView from workbench.view.debug
2024-01-13 17:07:14.814 [info] Added views:workbench.debug.welcome in workbench.view.debug
2024-01-13 17:07:31.478 [info] Added views:workbench.views.extensions.installed,workbench.views.extensions.popular,extensions.recommendedList in workbench.view.extensions
2024-01-13 17:07:31.483 [info] Removed views:workbench.views.extensions.popular from workbench.view.extensions
2024-01-13 17:07:31.914 [info] Added views:workbench.views.extensions.popular in workbench.view.extensions
2024-01-13 17:07:32.103 [info] Removed views:extensions.recommendedList,workbench.views.extensions.popular,workbench.views.extensions.installed from workbench.view.extensions
2024-01-13 17:07:32.117 [info] Added views:workbench.views.extensions.marketplace in workbench.view.extensions
2024-01-13 17:07:50.367 [info] Removed views:workbench.views.extensions.marketplace from workbench.view.extensions
2024-01-13 17:07:50.391 [info] Added views:workbench.views.extensions.installed,workbench.views.extensions.popular,extensions.recommendedList in workbench.view.extensions
2024-01-13 17:07:52.955 [info] Removed views:extensions.recommendedList,workbench.views.extensions.popular,workbench.views.extensions.installed from workbench.view.extensions
2024-01-13 17:07:52.963 [info] Added views:workbench.views.extensions.marketplace in workbench.view.extensions
