2024-01-13 17:07:14.352 [info] Started initializing default profile extensions in extensions installation folder. file:///home/kxitij/.vscode-oss/extensions
2024-01-13 17:07:14.702 [error] [uncaught exception in sharedProcess]: Error: ENOENT: no such file or directory, stat '/home/kxitij/.vscode-oss/extensions/extensions.json.vsctmp': EntryNotFound (FileSystemError): Error: ENOENT: no such file or directory, stat '/home/kxitij/.vscode-oss/extensions/extensions.json.vsctmp'
    at r.create (/usr/share/vscodium/resources/app/out/vs/code/node/sharedProcess/sharedProcessMain.js:51:35852)
    at a (/usr/share/vscodium/resources/app/out/vs/code/node/sharedProcess/sharedProcessMain.js:51:35986)
    at s.toFileSystemProviderError (/usr/share/vscodium/resources/app/out/vs/code/node/sharedProcess/sharedProcessMain.js:56:47852)
    at s.stat (/usr/share/vscodium/resources/app/out/vs/code/node/sharedProcess/sharedProcessMain.js:56:38447)
    at async C.stat (/usr/share/vscodium/resources/app/out/vs/code/node/sharedProcess/sharedProcessMain.js:56:20932)
    at async Y.onDidFilesChange (/usr/share/vscodium/resources/app/out/vs/code/node/sharedProcess/sharedProcessMain.js:100:138138)
2024-01-13 17:07:14.735 [warning] Failed to create default profile extensions manifest in extensions installation folder. file:///home/kxitij/.vscode-oss/extensions Unable to create file 'vscode-userdata:/home/kxitij/.vscode-oss/extensions/extensions.json' that already exists when overwrite flag is not set
2024-01-13 17:07:14.735 [info] Completed initializing default profile extensions in extensions installation folder. file:///home/kxitij/.vscode-oss/extensions
2024-01-13 17:07:40.518 [info] Getting Manifest... pkief.material-icon-theme
2024-01-13 17:07:40.840 [info] Installing extension: pkief.material-icon-theme
2024-01-13 17:07:42.795 [info] Extension signature verification is not done: pkief.material-icon-theme
2024-01-13 17:07:43.696 [info] Extracted extension to file:///home/kxitij/.vscode-oss/extensions/pkief.material-icon-theme-4.33.0-universal: pkief.material-icon-theme
2024-01-13 17:07:43.704 [info] Renamed to /home/kxitij/.vscode-oss/extensions/pkief.material-icon-theme-4.33.0-universal
2024-01-13 17:07:43.709 [info] Extracting extension completed. pkief.material-icon-theme
2024-01-13 17:07:43.727 [info] Extension installed successfully: pkief.material-icon-theme
2024-01-13 17:07:43.799 [error] [uncaught exception in sharedProcess]: Error: ENOENT: no such file or directory, stat '/home/kxitij/.vscode-oss/extensions/extensions.json.vsctmp': EntryNotFound (FileSystemError): Error: ENOENT: no such file or directory, stat '/home/kxitij/.vscode-oss/extensions/extensions.json.vsctmp'
    at r.create (/usr/share/vscodium/resources/app/out/vs/code/node/sharedProcess/sharedProcessMain.js:51:35852)
    at a (/usr/share/vscodium/resources/app/out/vs/code/node/sharedProcess/sharedProcessMain.js:51:35986)
    at s.toFileSystemProviderError (/usr/share/vscodium/resources/app/out/vs/code/node/sharedProcess/sharedProcessMain.js:56:47852)
    at s.stat (/usr/share/vscodium/resources/app/out/vs/code/node/sharedProcess/sharedProcessMain.js:56:38447)
    at async C.stat (/usr/share/vscodium/resources/app/out/vs/code/node/sharedProcess/sharedProcessMain.js:56:20932)
    at async Y.onDidFilesChange (/usr/share/vscodium/resources/app/out/vs/code/node/sharedProcess/sharedProcessMain.js:100:138138)
