2024-02-28 11:40:18.899 [info] Log level: Info
2024-02-28 11:40:18.899 [info] Validating found git in: "git"
2024-02-28 11:40:18.899 [info] Using git "2.44.0" from "git"
2024-02-28 11:40:18.899 [info] > git rev-parse --show-toplevel [10ms]
2024-02-28 11:40:18.899 [info] > git rev-parse --git-dir --git-common-dir [3ms]
2024-02-28 11:40:18.899 [info] Open repository: /home/kxitij/.config
2024-02-28 11:40:18.925 [info] > git config --get commit.template [14ms]
2024-02-28 11:40:18.992 [info] > git rev-parse --show-toplevel [73ms]
2024-02-28 11:40:19.009 [info] > git for-each-ref --format=%(refname)%00%(upstream:short)%00%(objectname)%00%(upstream:track)%00%(upstream:remotename)%00%(upstream:remoteref) refs/heads/main refs/remotes/main [10ms]
2024-02-28 11:40:19.019 [info] > git rev-parse --show-toplevel [12ms]
2024-02-28 11:40:19.028 [info] > git rev-parse --show-toplevel [1ms]
2024-02-28 11:40:19.040 [info] > git rev-parse --show-toplevel [1ms]
2024-02-28 11:40:19.050 [info] > git rev-parse --show-toplevel [3ms]
2024-02-28 11:40:19.063 [info] > git rev-parse --show-toplevel [4ms]
2024-02-28 11:40:19.077 [info] > git status -z -uall [60ms]
2024-02-28 11:40:19.078 [info] > git rev-parse --show-toplevel [7ms]
2024-02-28 11:40:19.203 [info] > git rev-parse --show-toplevel [117ms]
2024-02-28 11:40:19.211 [info] > git config --get commit.template [11ms]
2024-02-28 11:40:19.215 [info] > git rev-parse --show-toplevel [5ms]
2024-02-28 11:40:19.839 [info] > git rev-parse --show-toplevel [610ms]
2024-02-28 11:40:19.839 [info] > git for-each-ref --format=%(refname)%00%(upstream:short)%00%(objectname)%00%(upstream:track)%00%(upstream:remotename)%00%(upstream:remoteref) refs/heads/main refs/remotes/main [616ms]
2024-02-28 11:40:19.888 [info] > git check-ignore -v -z --stdin [28ms]
2024-02-28 11:40:19.889 [info] > git rev-parse --show-toplevel [18ms]
2024-02-28 11:40:19.902 [info] > git status -z -uall [53ms]
2024-02-28 11:40:19.902 [info] > git rev-parse --show-toplevel [4ms]
2024-02-28 11:40:20.001 [info] > git rev-parse --show-toplevel [92ms]
2024-02-28 11:40:20.015 [info] > git rev-parse --show-toplevel [3ms]
2024-02-28 11:40:20.629 [info] > git rev-parse --show-toplevel [604ms]
2024-02-28 11:40:20.643 [info] > git rev-parse --show-toplevel [3ms]
2024-02-28 11:40:20.653 [info] > git rev-parse --show-toplevel [1ms]
2024-02-28 11:40:20.662 [info] > git rev-parse --show-toplevel [1ms]
2024-02-28 11:40:20.671 [info] > git rev-parse --show-toplevel [1ms]
2024-02-28 11:40:20.680 [info] > git rev-parse --show-toplevel [1ms]
2024-02-28 11:40:20.690 [info] > git rev-parse --show-toplevel [2ms]
2024-02-28 11:40:20.698 [info] > git rev-parse --show-toplevel [1ms]
2024-02-28 11:40:20.708 [info] > git rev-parse --show-toplevel [1ms]
2024-02-28 11:40:20.717 [info] > git rev-parse --show-toplevel [1ms]
2024-02-28 11:40:20.732 [info] > git rev-parse --show-toplevel [7ms]
2024-02-28 11:40:20.742 [info] > git rev-parse --show-toplevel [2ms]
2024-02-28 11:40:20.751 [info] > git rev-parse --show-toplevel [2ms]
2024-02-28 11:40:20.864 [info] > git for-each-ref --format=%(refname)%00%(upstream:short)%00%(objectname)%00%(upstream:track)%00%(upstream:remotename)%00%(upstream:remoteref) refs/heads/main [2ms]
2024-02-28 11:40:20.876 [info] > git config --local branch.main.vscode-merge-base [1ms]
2024-02-28 11:40:20.877 [warning] git config failed: Failed to execute git
2024-02-28 11:40:20.889 [info] > git reflog refs/heads/main --grep-reflog=branch: Created from *. [4ms]
2024-02-28 11:40:20.906 [info] > git symbolic-ref --short refs/remotes/origin/HEAD [10ms]
2024-02-28 11:40:20.906 [info] fatal: ref refs/remotes/origin/HEAD is not a symbolic ref
2024-02-28 11:40:21.168 [info] > git for-each-ref --format=%(refname)%00%(upstream:short)%00%(objectname)%00%(upstream:track)%00%(upstream:remotename)%00%(upstream:remoteref) refs/heads/main [2ms]
2024-02-28 11:40:21.184 [info] > git config --local branch.main.vscode-merge-base [2ms]
2024-02-28 11:40:21.184 [warning] git config failed: Failed to execute git
2024-02-28 11:40:21.202 [info] > git reflog refs/heads/main --grep-reflog=branch: Created from *. [6ms]
2024-02-28 11:40:21.216 [info] > git symbolic-ref --short refs/remotes/origin/HEAD [2ms]
2024-02-28 11:40:21.216 [info] fatal: ref refs/remotes/origin/HEAD is not a symbolic ref
2024-02-28 11:40:21.778 [info] > git check-ignore -v -z --stdin [4ms]
2024-02-28 11:40:21.910 [info] > git for-each-ref --format=%(refname)%00%(upstream:short)%00%(objectname)%00%(upstream:track)%00%(upstream:remotename)%00%(upstream:remoteref) refs/heads/main [17ms]
2024-02-28 11:40:21.943 [info] > git config --local branch.main.vscode-merge-base [5ms]
2024-02-28 11:40:21.943 [warning] git config failed: Failed to execute git
2024-02-28 11:40:21.985 [info] > git reflog refs/heads/main --grep-reflog=branch: Created from *. [14ms]
2024-02-28 11:40:22.015 [info] > git symbolic-ref --short refs/remotes/origin/HEAD [4ms]
2024-02-28 11:40:22.016 [info] fatal: ref refs/remotes/origin/HEAD is not a symbolic ref
2024-02-28 11:40:23.245 [info] > git config --get commit.template [3ms]
2024-02-28 11:40:23.257 [info] > git for-each-ref --format=%(refname)%00%(upstream:short)%00%(objectname)%00%(upstream:track)%00%(upstream:remotename)%00%(upstream:remoteref) refs/heads/main refs/remotes/main [2ms]
2024-02-28 11:40:23.295 [info] > git status -z -uall [30ms]
2024-02-28 11:40:23.383 [info] > git for-each-ref --format=%(refname)%00%(upstream:short)%00%(objectname)%00%(upstream:track)%00%(upstream:remotename)%00%(upstream:remoteref) refs/heads/main [4ms]
2024-02-28 11:40:23.394 [info] > git config --local branch.main.vscode-merge-base [1ms]
2024-02-28 11:40:23.394 [warning] git config failed: Failed to execute git
2024-02-28 11:40:23.407 [info] > git reflog refs/heads/main --grep-reflog=branch: Created from *. [3ms]
2024-02-28 11:40:24.011 [info] > git symbolic-ref --short refs/remotes/origin/HEAD [597ms]
2024-02-28 11:40:24.011 [info] fatal: ref refs/remotes/origin/HEAD is not a symbolic ref
2024-02-28 11:40:24.195 [info] > git for-each-ref --format=%(refname)%00%(upstream:short)%00%(objectname)%00%(upstream:track)%00%(upstream:remotename)%00%(upstream:remoteref) refs/heads/main [2ms]
2024-02-28 11:40:24.209 [info] > git config --local branch.main.vscode-merge-base [3ms]
2024-02-28 11:40:24.209 [warning] git config failed: Failed to execute git
2024-02-28 11:40:24.224 [info] > git reflog refs/heads/main --grep-reflog=branch: Created from *. [4ms]
2024-02-28 11:40:24.238 [info] > git symbolic-ref --short refs/remotes/origin/HEAD [4ms]
2024-02-28 11:40:24.238 [info] fatal: ref refs/remotes/origin/HEAD is not a symbolic ref
2024-02-28 11:40:24.923 [info] > git check-ignore -v -z --stdin [4ms]
2024-02-28 11:40:26.714 [info] > git for-each-ref --format=%(refname)%00%(upstream:short)%00%(objectname)%00%(upstream:track)%00%(upstream:remotename)%00%(upstream:remoteref) refs/heads/main [2ms]
2024-02-28 11:40:26.728 [info] > git config --local branch.main.vscode-merge-base [2ms]
2024-02-28 11:40:26.728 [warning] git config failed: Failed to execute git
2024-02-28 11:40:26.740 [info] > git reflog refs/heads/main --grep-reflog=branch: Created from *. [3ms]
2024-02-28 11:40:26.749 [info] > git symbolic-ref --short refs/remotes/origin/HEAD [2ms]
2024-02-28 11:40:26.749 [info] fatal: ref refs/remotes/origin/HEAD is not a symbolic ref
2024-02-28 11:40:28.409 [info] > git config --get commit.template [19ms]
2024-02-28 11:40:28.410 [info] > git for-each-ref --format=%(refname)%00%(upstream:short)%00%(objectname)%00%(upstream:track)%00%(upstream:remotename)%00%(upstream:remoteref) refs/heads/main refs/remotes/main [2ms]
2024-02-28 11:40:28.453 [info] > git status -z -uall [30ms]
2024-02-28 11:40:33.602 [info] > git config --get commit.template [36ms]
2024-02-28 11:40:33.605 [info] > git for-each-ref --format=%(refname)%00%(upstream:short)%00%(objectname)%00%(upstream:track)%00%(upstream:remotename)%00%(upstream:remoteref) refs/heads/main refs/remotes/main [7ms]
2024-02-28 11:40:33.699 [info] > git status -z -uall [58ms]
2024-02-28 11:40:38.845 [info] > git config --get commit.template [27ms]
2024-02-28 11:40:38.847 [info] > git for-each-ref --format=%(refname)%00%(upstream:short)%00%(objectname)%00%(upstream:track)%00%(upstream:remotename)%00%(upstream:remoteref) refs/heads/main refs/remotes/main [3ms]
2024-02-28 11:40:38.894 [info] > git status -z -uall [33ms]
2024-02-28 11:40:43.976 [info] > git config --get commit.template [10ms]
2024-02-28 11:40:43.976 [info] > git for-each-ref --format=%(refname)%00%(upstream:short)%00%(objectname)%00%(upstream:track)%00%(upstream:remotename)%00%(upstream:remoteref) refs/heads/main refs/remotes/main [1ms]
2024-02-28 11:40:44.030 [info] > git status -z -uall [42ms]
2024-02-28 11:40:49.183 [info] > git config --get commit.template [33ms]
2024-02-28 11:40:49.185 [info] > git for-each-ref --format=%(refname)%00%(upstream:short)%00%(objectname)%00%(upstream:track)%00%(upstream:remotename)%00%(upstream:remoteref) refs/heads/main refs/remotes/main [5ms]
2024-02-28 11:40:49.230 [info] > git status -z -uall [30ms]
2024-02-28 11:40:54.359 [info] > git config --get commit.template [34ms]
2024-02-28 11:40:54.361 [info] > git for-each-ref --format=%(refname)%00%(upstream:short)%00%(objectname)%00%(upstream:track)%00%(upstream:remotename)%00%(upstream:remoteref) refs/heads/main refs/remotes/main [5ms]
2024-02-28 11:40:54.416 [info] > git status -z -uall [34ms]
2024-02-28 11:40:59.507 [info] > git config --get commit.template [11ms]
2024-02-28 11:40:59.508 [info] > git for-each-ref --format=%(refname)%00%(upstream:short)%00%(objectname)%00%(upstream:track)%00%(upstream:remotename)%00%(upstream:remoteref) refs/heads/main refs/remotes/main [1ms]
2024-02-28 11:40:59.544 [info] > git status -z -uall [27ms]
2024-02-28 11:41:04.669 [info] > git config --get commit.template [34ms]
2024-02-28 11:41:04.670 [info] > git for-each-ref --format=%(refname)%00%(upstream:short)%00%(objectname)%00%(upstream:track)%00%(upstream:remotename)%00%(upstream:remoteref) refs/heads/main refs/remotes/main [4ms]
2024-02-28 11:41:04.713 [info] > git status -z -uall [27ms]
2024-02-28 11:41:09.800 [info] > git config --get commit.template [13ms]
2024-02-28 11:41:09.801 [info] > git for-each-ref --format=%(refname)%00%(upstream:short)%00%(objectname)%00%(upstream:track)%00%(upstream:remotename)%00%(upstream:remoteref) refs/heads/main refs/remotes/main [2ms]
2024-02-28 11:41:09.842 [info] > git status -z -uall [29ms]
2024-02-28 11:41:14.548 [info] > git check-ignore -v -z --stdin [2ms]
2024-02-28 11:41:14.953 [info] > git config --get commit.template [24ms]
2024-02-28 11:41:14.954 [info] > git for-each-ref --format=%(refname)%00%(upstream:short)%00%(objectname)%00%(upstream:track)%00%(upstream:remotename)%00%(upstream:remoteref) refs/heads/main refs/remotes/main [3ms]
2024-02-28 11:41:14.990 [info] > git status -z -uall [26ms]
2024-02-28 11:41:19.931 [info] > git check-ignore -v -z --stdin [5ms]
2024-02-28 11:41:20.144 [info] > git config --get commit.template [41ms]
2024-02-28 11:41:20.147 [info] > git for-each-ref --format=%(refname)%00%(upstream:short)%00%(objectname)%00%(upstream:track)%00%(upstream:remotename)%00%(upstream:remoteref) refs/heads/main refs/remotes/main [7ms]
2024-02-28 11:41:20.245 [info] > git status -z -uall [65ms]
2024-02-28 11:41:25.337 [info] > git config --get commit.template [16ms]
2024-02-28 11:41:25.338 [info] > git for-each-ref --format=%(refname)%00%(upstream:short)%00%(objectname)%00%(upstream:track)%00%(upstream:remotename)%00%(upstream:remoteref) refs/heads/main refs/remotes/main [3ms]
2024-02-28 11:41:25.374 [info] > git status -z -uall [25ms]
2024-02-28 11:41:30.469 [info] > git config --get commit.template [11ms]
2024-02-28 11:41:30.470 [info] > git for-each-ref --format=%(refname)%00%(upstream:short)%00%(objectname)%00%(upstream:track)%00%(upstream:remotename)%00%(upstream:remoteref) refs/heads/main refs/remotes/main [2ms]
2024-02-28 11:41:30.512 [info] > git status -z -uall [33ms]
2024-02-28 11:41:35.583 [info] > git config --get commit.template [9ms]
2024-02-28 11:41:35.584 [info] > git for-each-ref --format=%(refname)%00%(upstream:short)%00%(objectname)%00%(upstream:track)%00%(upstream:remotename)%00%(upstream:remoteref) refs/heads/main refs/remotes/main [2ms]
2024-02-28 11:41:35.617 [info] > git status -z -uall [26ms]
2024-02-28 11:41:40.723 [info] > git config --get commit.template [9ms]
2024-02-28 11:41:40.724 [info] > git for-each-ref --format=%(refname)%00%(upstream:short)%00%(objectname)%00%(upstream:track)%00%(upstream:remotename)%00%(upstream:remoteref) refs/heads/main refs/remotes/main [2ms]
2024-02-28 11:41:40.759 [info] > git status -z -uall [28ms]
2024-02-28 11:41:45.835 [info] > git config --get commit.template [9ms]
2024-02-28 11:41:45.835 [info] > git for-each-ref --format=%(refname)%00%(upstream:short)%00%(objectname)%00%(upstream:track)%00%(upstream:remotename)%00%(upstream:remoteref) refs/heads/main refs/remotes/main [2ms]
2024-02-28 11:41:45.868 [info] > git status -z -uall [25ms]
2024-02-28 11:41:50.959 [info] > git config --get commit.template [1ms]
2024-02-28 11:41:50.970 [info] > git for-each-ref --format=%(refname)%00%(upstream:short)%00%(objectname)%00%(upstream:track)%00%(upstream:remotename)%00%(upstream:remoteref) refs/heads/main refs/remotes/main [2ms]
2024-02-28 11:41:51.003 [info] > git status -z -uall [25ms]
2024-02-28 11:41:56.117 [info] > git config --get commit.template [9ms]
2024-02-28 11:41:56.118 [info] > git for-each-ref --format=%(refname)%00%(upstream:short)%00%(objectname)%00%(upstream:track)%00%(upstream:remotename)%00%(upstream:remoteref) refs/heads/main refs/remotes/main [2ms]
2024-02-28 11:41:56.151 [info] > git status -z -uall [26ms]
